<?xml version="1.0" encoding="UTF-8"?>
<!-- Generated by org.testng.reporters.JUnitReportReporter -->
<testsuite skipped="0" hostname="Manohar910Hp" name="com.StreamsJava.Streams2" tests="2" failures="0" timestamp="2021-08-31T13:10:39 IST" time="0.011" errors="0">
  <testcase name="StreamMapUpperCase" time="0.006" classname="com.StreamsJava.Streams2"/>
  <system-out/>
  <testcase name="StreamMapLowerCase" time="0.005" classname="com.StreamsJava.Streams2"/>
  <system-out/>
</testsuite> <!-- com.StreamsJava.Streams2 -->
