<?xml version="1.0" encoding="UTF-8"?>
<!-- Generated by org.testng.reporters.JUnitReportReporter -->
<testsuite skipped="0" hostname="Manohar910Hp" name="com.TestNgPrograms.SkippingMthdsExcludeInclude" tests="6" failures="0" timestamp="2021-08-31T13:18:37 IST" time="0.009" errors="0">
  <testcase name="MobileLogout" time="0.002" classname="com.TestNgPrograms.SkippingMthdsExcludeInclude"/>
  <system-out/>
  <testcase name="ApiLogin" time="0.001" classname="com.TestNgPrograms.SkippingMthdsExcludeInclude"/>
  <system-out/>
  <testcase name="ApiLogout" time="0.001" classname="com.TestNgPrograms.SkippingMthdsExcludeInclude"/>
  <system-out/>
  <testcase name="WebLogout" time="0.002" classname="com.TestNgPrograms.SkippingMthdsExcludeInclude"/>
  <system-out/>
  <testcase name="WebLogin" time="0.002" classname="com.TestNgPrograms.SkippingMthdsExcludeInclude"/>
  <system-out/>
  <testcase name="MobileLogin" time="0.001" classname="com.TestNgPrograms.SkippingMthdsExcludeInclude"/>
  <system-out/>
</testsuite> <!-- com.TestNgPrograms.SkippingMthdsExcludeInclude -->
