<?xml version="1.0" encoding="UTF-8"?>
<!-- Generated by org.testng.reporters.JUnitReportReporter -->
<testsuite skipped="0" hostname="Manohar910Hp" name="com.StreamsJava.Streams4" tests="2" failures="0" timestamp="2021-08-31T13:10:39 IST" time="0.007" errors="0">
  <testcase name="uniqNumber" time="0.003" classname="com.StreamsJava.Streams4"/>
  <system-out/>
  <testcase name="sortedStream" time="0.004" classname="com.StreamsJava.Streams4"/>
  <system-out/>
</testsuite> <!-- com.StreamsJava.Streams4 -->
