<?xml version="1.0" encoding="UTF-8"?>
<!-- Generated by org.testng.reporters.JUnitReportReporter -->
<testsuite skipped="0" hostname="Manohar910Hp" name="com.TestNgPrograms.SkippingMethodsWithXml" tests="3" failures="0" timestamp="2021-06-17T08:51:42 IST" time="0.012" errors="0">
  <testcase name="ApiLogin" time="0.001" classname="com.TestNgPrograms.SkippingMethodsWithXml"/>
  <system-out/>
  <testcase name="WebLogin" time="0.001" classname="com.TestNgPrograms.SkippingMethodsWithXml"/>
  <system-out/>
  <testcase name="ApiLogOut" time="0.010" classname="com.TestNgPrograms.SkippingMethodsWithXml"/>
  <system-out/>
</testsuite> <!-- com.TestNgPrograms.SkippingMethodsWithXml -->
