<?xml version="1.0" encoding="UTF-8"?>
<!-- Generated by org.testng.reporters.JUnitReportReporter -->
<testsuite skipped="0" hostname="Manohar910Hp" name="com.TestNgPrograms.DependsOnMethods" tests="4" failures="0" timestamp="2021-08-31T13:18:37 IST" time="0.005" errors="0">
  <testcase name="LapTest" time="0.001" classname="com.TestNgPrograms.DependsOnMethods"/>
  <system-out/>
  <testcase name="ManualTest" time="0.001" classname="com.TestNgPrograms.DependsOnMethods"/>
  <system-out/>
  <testcase name="VehicleTest" time="0.002" classname="com.TestNgPrograms.DependsOnMethods"/>
  <system-out/>
  <testcase name="MobileTest" time="0.001" classname="com.TestNgPrograms.DependsOnMethods"/>
  <system-out/>
</testsuite> <!-- com.TestNgPrograms.DependsOnMethods -->
