<?xml version="1.0" encoding="UTF-8"?>
<!-- Generated by org.testng.reporters.JUnitReportReporter -->
<testsuite skipped="0" hostname="Manohar910Hp" name="com.StreamsJava.Streams3" tests="1" failures="0" timestamp="2021-08-31T13:10:39 IST" time="0.005" errors="0">
  <testcase name="SortedStream" time="0.005" classname="com.StreamsJava.Streams3"/>
  <system-out/>
</testsuite> <!-- com.StreamsJava.Streams3 -->
