<?xml version="1.0" encoding="UTF-8"?>
<!-- Generated by org.testng.reporters.JUnitReportReporter -->
<testsuite skipped="0" hostname="Manohar910Hp" name="com.TestNgPrograms.Day1" tests="2" failures="0" timestamp="2021-06-16T16:55:02 IST" time="0.013" errors="0">
  <testcase name="WebLogin" time="0.001" classname="com.TestNgPrograms.Day1"/>
  <system-out/>
  <testcase name="ApiLogin" time="0.012" classname="com.TestNgPrograms.Day1"/>
  <system-out/>
</testsuite> <!-- com.TestNgPrograms.Day1 -->
