<?xml version="1.0" encoding="UTF-8"?>
<!-- Generated by org.testng.reporters.JUnitReportReporter -->
<testsuite skipped="0" hostname="Manohar910Hp" name="com.TestNgPrograms.AllMethods" tests="1" failures="0" timestamp="2021-08-31T13:18:37 IST" time="0.004" errors="0">
  <testcase name="f" time="0.004" classname="com.TestNgPrograms.AllMethods"/>
  <system-out/>
</testsuite> <!-- com.TestNgPrograms.AllMethods -->
