<?xml version="1.0" encoding="UTF-8"?>
<!-- Generated by org.testng.reporters.JUnitReportReporter -->
<testsuite skipped="0" hostname="Manohar910Hp" name="com.TestNgPrograms.SkippingMethodsRegex" tests="6" failures="0" timestamp="2021-08-31T13:18:37 IST" time="0.015" errors="0">
  <testcase name="ApiLogOut" time="0.003" classname="com.TestNgPrograms.SkippingMethodsRegex"/>
  <system-out/>
  <testcase name="MobileDesign" time="0.002" classname="com.TestNgPrograms.SkippingMethodsRegex"/>
  <system-out/>
  <testcase name="WebLogin" time="0.004" classname="com.TestNgPrograms.SkippingMethodsRegex"/>
  <system-out/>
  <testcase name="MobileLogOut" time="0.002" classname="com.TestNgPrograms.SkippingMethodsRegex"/>
  <system-out/>
  <testcase name="ApiLogin" time="0.002" classname="com.TestNgPrograms.SkippingMethodsRegex"/>
  <system-out/>
  <testcase name="MobileLogin" time="0.002" classname="com.TestNgPrograms.SkippingMethodsRegex"/>
  <system-out/>
</testsuite> <!-- com.TestNgPrograms.SkippingMethodsRegex -->
