<?xml version="1.0" encoding="UTF-8"?>
<!-- Generated by org.testng.reporters.JUnitReportReporter -->
<testsuite skipped="0" hostname="Manohar910Hp" name="com.StreamsSelenium.SortedTableDemo" tests="1" failures="0" timestamp="2021-08-13T09:56:10 IST" time="18.215" errors="0">
  <testcase name="sortedTable" time="18.215" classname="com.StreamsSelenium.SortedTableDemo"/>
  <system-out/>
</testsuite> <!-- com.StreamsSelenium.SortedTableDemo -->
