<?xml version="1.0" encoding="UTF-8"?>
<!-- Generated by org.testng.reporters.JUnitReportReporter -->
<testsuite skipped="0" hostname="Manohar910Hp" name="com.StreamsJava.Dummy" tests="2" failures="0" timestamp="2021-08-31T13:10:39 IST" time="0.005" errors="0">
  <testcase name="dummyList" time="0.002" classname="com.StreamsJava.Dummy"/>
  <system-out/>
  <testcase name="dummyStream" time="0.003" classname="com.StreamsJava.Dummy"/>
  <system-out/>
</testsuite> <!-- com.StreamsJava.Dummy -->
