<?xml version="1.0" encoding="UTF-8"?>
<!-- Generated by org.testng.reporters.JUnitReportReporter -->
<testsuite skipped="0" hostname="Manohar910Hp" name="com.StreamsJava.Streams1" tests="1" failures="0" timestamp="2021-08-31T13:10:39 IST" time="0.039" errors="0">
  <testcase name="StreamsMethod" time="0.039" classname="com.StreamsJava.Streams1"/>
  <system-out/>
</testsuite> <!-- com.StreamsJava.Streams1 -->
