<?xml version="1.0" encoding="UTF-8"?>
<!-- Generated by org.testng.reporters.JUnitReportReporter -->
<testsuite skipped="0" hostname="Manohar910Hp" name="com.TestNgPrograms.AllTestMethods" tests="1" failures="0" timestamp="2021-08-31T10:24:29 IST" time="0.022" errors="0">
  <testcase name="TestingType3" time="0.022" classname="com.TestNgPrograms.AllTestMethods"/>
  <system-out/>
</testsuite> <!-- com.TestNgPrograms.AllTestMethods -->
