<?xml version="1.0" encoding="UTF-8"?>
<!-- Generated by org.testng.reporters.JUnitReportReporter -->
<testsuite skipped="0" hostname="Manohar910Hp" name="com.master.Dummy" tests="1" failures="0" timestamp="2021-08-26T17:31:17 IST" time="17.436" errors="0">
  <testcase name="DataMethod" time="17.436" classname="com.master.Dummy"/>
  <system-out/>
</testsuite> <!-- com.master.Dummy -->
