<?xml version="1.0" encoding="UTF-8"?>
<!-- Generated by org.testng.reporters.JUnitReportReporter -->
<testsuite skipped="0" hostname="Manohar910Hp" name="com.StreamsSelenium.WebTableSorted1" tests="1" failures="0" timestamp="2021-08-31T13:10:18 IST" time="16.401" errors="0">
  <testcase name="sortedTable" time="16.401" classname="com.StreamsSelenium.WebTableSorted1"/>
  <system-out/>
</testsuite> <!-- com.StreamsSelenium.WebTableSorted1 -->
